2014/07/09 15:20:06 [error] [exception.CException] exception 'CException' with message 'Property "MainController.site_title" is not defined.' in C:\OpenServer\domains\_GIT\erp\framework\base\CComponent.php:130
Stack trace:
#0 C:\OpenServer\domains\_GIT\erp\protected\views\layouts\main_layout.php(12): CComponent->__get('site_title')
#1 C:\OpenServer\domains\_GIT\erp\framework\web\CBaseController.php(126): require('C:\OpenServer\d...')
#2 C:\OpenServer\domains\_GIT\erp\framework\web\CBaseController.php(95): CBaseController->renderInternal('C:\OpenServer\d...', Array, true)
#3 C:\OpenServer\domains\_GIT\erp\framework\web\CController.php(784): CBaseController->renderFile('C:\OpenServer\d...', Array, true)
#4 C:\OpenServer\domains\_GIT\erp\protected\controllers\MainController.php(9): CController->render('welcome')
#5 C:\OpenServer\domains\_GIT\erp\framework\web\actions\CInlineAction.php(49): MainController->actionIndex()
#6 C:\OpenServer\domains\_GIT\erp\framework\web\CController.php(308): CInlineAction->runWithParams(Array)
#7 C:\OpenServer\domains\_GIT\erp\framework\web\CController.php(286): CController->runAction(Object(CInlineAction))
#8 C:\OpenServer\domains\_GIT\erp\framework\web\CController.php(265): CController->runActionWithFilters(Object(CInlineAction), Array)
#9 C:\OpenServer\domains\_GIT\erp\framework\web\CWebApplication.php(282): CController->run('index')
#10 C:\OpenServer\domains\_GIT\erp\framework\web\CWebApplication.php(141): CWebApplication->runController('main/index')
#11 C:\OpenServer\domains\_GIT\erp\framework\base\CApplication.php(180): CWebApplication->processRequest()
#12 C:\OpenServer\domains\_GIT\erp\index.php(13): CApplication->run()
#13 {main}
REQUEST_URI=/
---
2014/07/09 15:21:05 [error] [exception.CHttpException.404] exception 'CHttpException' with message 'Unable to resolve the request "js/jquery.min.map".' in C:\OpenServer\domains\_GIT\erp\framework\web\CWebApplication.php:286
Stack trace:
#0 C:\OpenServer\domains\_GIT\erp\framework\web\CWebApplication.php(141): CWebApplication->runController('js/jquery.min.m...')
#1 C:\OpenServer\domains\_GIT\erp\framework\base\CApplication.php(180): CWebApplication->processRequest()
#2 C:\OpenServer\domains\_GIT\erp\index.php(13): CApplication->run()
#3 {main}
REQUEST_URI=/js/jquery.min.map
HTTP_REFERER=http://erpgit.loc/
---
2014/07/09 15:22:36 [error] [exception.CHttpException.404] exception 'CHttpException' with message 'Unable to resolve the request "js/jquery-1.10.2.js".' in C:\OpenServer\domains\_GIT\erp\framework\web\CWebApplication.php:286
Stack trace:
#0 C:\OpenServer\domains\_GIT\erp\framework\web\CWebApplication.php(141): CWebApplication->runController('js/jquery-1.10....')
#1 C:\OpenServer\domains\_GIT\erp\framework\base\CApplication.php(180): CWebApplication->processRequest()
#2 C:\OpenServer\domains\_GIT\erp\index.php(13): CApplication->run()
#3 {main}
REQUEST_URI=/js/jquery-1.10.2.js
HTTP_REFERER=http://erpgit.loc/main/login
---
2014/07/09 15:22:42 [error] [exception.CException] exception 'CException' with message 'Property "LoginForm.rememberMe" is not defined.' in C:\OpenServer\domains\_GIT\erp\framework\base\CComponent.php:130
Stack trace:
#0 C:\OpenServer\domains\_GIT\erp\protected\models\LoginForm.php(74): CComponent->__get('rememberMe')
#1 C:\OpenServer\domains\_GIT\erp\protected\controllers\MainController.php(39): LoginForm->login()
#2 C:\OpenServer\domains\_GIT\erp\framework\web\actions\CInlineAction.php(49): MainController->actionLogin()
#3 C:\OpenServer\domains\_GIT\erp\framework\web\CController.php(308): CInlineAction->runWithParams(Array)
#4 C:\OpenServer\domains\_GIT\erp\framework\web\CController.php(286): CController->runAction(Object(CInlineAction))
#5 C:\OpenServer\domains\_GIT\erp\framework\web\CController.php(265): CController->runActionWithFilters(Object(CInlineAction), Array)
#6 C:\OpenServer\domains\_GIT\erp\framework\web\CWebApplication.php(282): CController->run('login')
#7 C:\OpenServer\domains\_GIT\erp\framework\web\CWebApplication.php(141): CWebApplication->runController('main/login')
#8 C:\OpenServer\domains\_GIT\erp\framework\base\CApplication.php(180): CWebApplication->processRequest()
#9 C:\OpenServer\domains\_GIT\erp\index.php(13): CApplication->run()
#10 {main}
REQUEST_URI=/main/login
HTTP_REFERER=http://erpgit.loc/main/login
---
2014/07/09 15:22:43 [error] [exception.CHttpException.404] exception 'CHttpException' with message 'Unable to resolve the request "favicon.ico".' in C:\OpenServer\domains\_GIT\erp\framework\web\CWebApplication.php:286
Stack trace:
#0 C:\OpenServer\domains\_GIT\erp\framework\web\CWebApplication.php(141): CWebApplication->runController('favicon.ico')
#1 C:\OpenServer\domains\_GIT\erp\framework\base\CApplication.php(180): CWebApplication->processRequest()
#2 C:\OpenServer\domains\_GIT\erp\index.php(13): CApplication->run()
#3 {main}
REQUEST_URI=/favicon.ico
---
2014/07/09 15:24:19 [error] [exception.CHttpException.404] exception 'CHttpException' with message 'Unable to resolve the request "js/jquery-1.10.2.js".' in C:\OpenServer\domains\_GIT\erp\framework\web\CWebApplication.php:286
Stack trace:
#0 C:\OpenServer\domains\_GIT\erp\framework\web\CWebApplication.php(141): CWebApplication->runController('js/jquery-1.10....')
#1 C:\OpenServer\domains\_GIT\erp\framework\base\CApplication.php(180): CWebApplication->processRequest()
#2 C:\OpenServer\domains\_GIT\erp\index.php(13): CApplication->run()
#3 {main}
REQUEST_URI=/js/jquery-1.10.2.js
HTTP_REFERER=http://erpgit.loc/main/login
---
2014/07/09 15:24:26 [error] [exception.CHttpException.404] exception 'CHttpException' with message 'Unable to resolve the request "favicon.ico".' in C:\OpenServer\domains\_GIT\erp\framework\web\CWebApplication.php:286
Stack trace:
#0 C:\OpenServer\domains\_GIT\erp\framework\web\CWebApplication.php(141): CWebApplication->runController('favicon.ico')
#1 C:\OpenServer\domains\_GIT\erp\framework\base\CApplication.php(180): CWebApplication->processRequest()
#2 C:\OpenServer\domains\_GIT\erp\index.php(13): CApplication->run()
#3 {main}
REQUEST_URI=/favicon.ico
---
2014/07/09 15:32:21 [error] [exception.CHttpException.404] exception 'CHttpException' with message 'Unable to resolve the request "favicon.ico".' in C:\OpenServer\domains\_GIT\erp\framework\web\CWebApplication.php:286
Stack trace:
#0 C:\OpenServer\domains\_GIT\erp\framework\web\CWebApplication.php(141): CWebApplication->runController('favicon.ico')
#1 C:\OpenServer\domains\_GIT\erp\framework\base\CApplication.php(180): CWebApplication->processRequest()
#2 C:\OpenServer\domains\_GIT\erp\index.php(13): CApplication->run()
#3 {main}
REQUEST_URI=/favicon.ico
---
2014/07/09 15:34:12 [error] [exception.CHttpException.404] exception 'CHttpException' with message 'Unable to resolve the request "js/jquery.min.map".' in C:\OpenServer\domains\_GIT\erp\framework\web\CWebApplication.php:286
Stack trace:
#0 C:\OpenServer\domains\_GIT\erp\framework\web\CWebApplication.php(141): CWebApplication->runController('js/jquery.min.m...')
#1 C:\OpenServer\domains\_GIT\erp\framework\base\CApplication.php(180): CWebApplication->processRequest()
#2 C:\OpenServer\domains\_GIT\erp\index.php(13): CApplication->run()
#3 {main}
REQUEST_URI=/js/jquery.min.map
HTTP_REFERER=http://erpgit.loc/main/login
---
2014/07/09 15:34:53 [error] [exception.CHttpException.404] exception 'CHttpException' with message 'Unable to resolve the request "js/jquery.min.map".' in C:\OpenServer\domains\_GIT\erp\framework\web\CWebApplication.php:286
Stack trace:
#0 C:\OpenServer\domains\_GIT\erp\framework\web\CWebApplication.php(141): CWebApplication->runController('js/jquery.min.m...')
#1 C:\OpenServer\domains\_GIT\erp\framework\base\CApplication.php(180): CWebApplication->processRequest()
#2 C:\OpenServer\domains\_GIT\erp\index.php(13): CApplication->run()
#3 {main}
REQUEST_URI=/js/jquery.min.map
HTTP_REFERER=http://erpgit.loc/main/login
---
2014/07/09 15:38:24 [error] [php] include(Debug.php) [<a href='function.include'>function.include</a>]: failed to open stream: No such file or directory (C:\OpenServer\domains\_GIT\erp\framework\YiiBase.php:427)
Stack trace:
#0 C:\OpenServer\domains\_GIT\erp\protected\views\main\login.php(3): spl_autoload_call()
#1 C:\OpenServer\domains\_GIT\erp\framework\web\CBaseController.php(126): require()
#2 C:\OpenServer\domains\_GIT\erp\framework\web\CBaseController.php(95): MainController->renderInternal()
#3 C:\OpenServer\domains\_GIT\erp\framework\web\CController.php(869): MainController->renderFile()
#4 C:\OpenServer\domains\_GIT\erp\framework\web\CController.php(782): MainController->renderPartial()
#5 C:\OpenServer\domains\_GIT\erp\protected\controllers\MainController.php(54): MainController->render()
#6 C:\OpenServer\domains\_GIT\erp\framework\web\actions\CInlineAction.php(49): MainController->actionLogin()
#7 C:\OpenServer\domains\_GIT\erp\framework\web\CController.php(308): CInlineAction->runWithParams()
#8 C:\OpenServer\domains\_GIT\erp\framework\web\CController.php(286): MainController->runAction()
#9 C:\OpenServer\domains\_GIT\erp\framework\web\CController.php(265): MainController->runActionWithFilters()
#10 C:\OpenServer\domains\_GIT\erp\framework\web\CWebApplication.php(282): MainController->run()
#11 C:\OpenServer\domains\_GIT\erp\framework\web\CWebApplication.php(141): CWebApplication->runController()
#12 C:\OpenServer\domains\_GIT\erp\framework\base\CApplication.php(180): CWebApplication->processRequest()
#13 C:\OpenServer\domains\_GIT\erp\index.php(13): CWebApplication->run()
REQUEST_URI=/main/login
in C:\OpenServer\domains\_GIT\erp\protected\views\main\login.php (3)
in C:\OpenServer\domains\_GIT\erp\protected\controllers\MainController.php (54)
in C:\OpenServer\domains\_GIT\erp\index.php (13)
2014/07/09 15:42:41 [error] [exception.CHttpException.404] exception 'CHttpException' with message 'Unable to resolve the request "products/index".' in C:\OpenServer\domains\_GIT\erp\framework\web\CWebApplication.php:286
Stack trace:
#0 C:\OpenServer\domains\_GIT\erp\framework\web\CWebApplication.php(141): CWebApplication->runController('products/index')
#1 C:\OpenServer\domains\_GIT\erp\framework\base\CApplication.php(180): CWebApplication->processRequest()
#2 C:\OpenServer\domains\_GIT\erp\index.php(13): CApplication->run()
#3 {main}
REQUEST_URI=/products
HTTP_REFERER=http://erpgit.loc/main
---
2014/07/09 15:42:43 [error] [exception.CHttpException.404] exception 'CHttpException' with message 'Unable to resolve the request "contractors/index".' in C:\OpenServer\domains\_GIT\erp\framework\web\CWebApplication.php:286
Stack trace:
#0 C:\OpenServer\domains\_GIT\erp\framework\web\CWebApplication.php(141): CWebApplication->runController('contractors/ind...')
#1 C:\OpenServer\domains\_GIT\erp\framework\base\CApplication.php(180): CWebApplication->processRequest()
#2 C:\OpenServer\domains\_GIT\erp\index.php(13): CApplication->run()
#3 {main}
REQUEST_URI=/contractors
HTTP_REFERER=http://erpgit.loc/main
---
2014/07/09 15:42:45 [error] [exception.CHttpException.404] exception 'CHttpException' with message 'Unable to resolve the request "employees/index".' in C:\OpenServer\domains\_GIT\erp\framework\web\CWebApplication.php:286
Stack trace:
#0 C:\OpenServer\domains\_GIT\erp\framework\web\CWebApplication.php(141): CWebApplication->runController('employees/index')
#1 C:\OpenServer\domains\_GIT\erp\framework\base\CApplication.php(180): CWebApplication->processRequest()
#2 C:\OpenServer\domains\_GIT\erp\index.php(13): CApplication->run()
#3 {main}
REQUEST_URI=/employees
HTTP_REFERER=http://erpgit.loc/main
---
